[     169ms] [LOG] [Fast Refresh] rebuilding @ http://localhost:3000/_next/static/chunks/c5971_next_dist_450a28fb._.js:2287
[    4338ms] [LOG] [Fast Refresh] done in 4273ms @ http://localhost:3000/_next/static/chunks/c5971_next_dist_450a28fb._.js:2287
[    7003ms] [INFO] %cDownload the React DevTools for a better development experience: https://react.dev/link/react-devtools font-weight:bold @ http://localhost:3000/_next/static/chunks/c5971_next_dist_450a28fb._.js:2287
[    7064ms] [WARNING] %c%s%c background: #e6e6e6;background: light-dark(rgba(0,0,0,0.1), rgba(255,255,255,0.25));color: #000000;color: light-dark(#000000, #ffffff);border-radius: 2px  Server   Error: Route "/accounts-management/ledgers" used `searchParams.type`. `searchParams` is a Promise and must be unwrapped with `await` or `React.use()` before accessing its properties. Learn more: https://nextjs.org/docs/messages/sync-dynamic-apis
    at LedgersPage (about://React/Server/C:%5CUsers%5Cuser%5CDocuments%5CPOS-Billing%5C.next%5Cdev%5Cserver%5Cchunks%5Cssr%5C%5Broot-of-the-server%5D__7bc5225e._.js?16:200:31)
    at resolveErrorDev (http://localhost:3000/_next/static/chunks/c5971_next_dist_compiled_react-server-dom-turbopack_436a3cdf._.js:1882:106)
    at getOutlinedModel (http://localhost:3000/_next/static/chunks/c5971_next_dist_compiled_react-server-dom-turbopack_436a3cdf._.js:1434:28)
    at parseModelString (http://localhost:3000/_next/static/chunks/c5971_next_dist_compiled_react-server-dom-turbopack_436a3cdf._.js:1548:50)
    at Object.<anonymous> (http://localhost:3000/_next/static/chunks/c5971_next_dist_compiled_react-server-dom-turbopack_436a3cdf._.js:2475:51)
    at JSON.parse (<anonymous>)
    at initializeModelChunk (http://localhost:3000/_next/static/chunks/c5971_next_dist_compiled_react-server-dom-turbopack_436a3cdf._.js:1053:30)
    at getOutlinedModel (http://localhost:3000/_next/static/chunks/c5971_next_dist_compiled_react-server-dom-turbopack_436a3cdf._.js:1372:17)
    at parseModelString (http://localhost:3000/_next/static/chunks/c5971_next_dist_compiled_react-server-dom-turbopack_436a3cdf._.js:1602:50)
    at Array.<anonymous> (http://localhost:3000/_next/static/chunks/c5971_next_dist_compiled_react-server-dom-turbopack_436a3cdf._.js:2475:51)
    at JSON.parse (<anonymous>)
    at initializeModelChunk (http://localhost:3000/_next/static/chunks/c5971_next_dist_compiled_react-server-dom-turbopack_436a3cdf._.js:1053:30)
    at resolveConsoleEntry (http://localhost:3000/_next/static/chunks/c5971_next_dist_compiled_react-server-dom-turbopack_436a3cdf._.js:2008:96)
    at processFullStringRow (http://localhost:3000/_next/static/chunks/c5971_next_dist_compiled_react-server-dom-turbopack_436a3cdf._.js:2409:17)
    at processFullBinaryRow (http://localhost:3000/_next/static/chunks/c5971_next_dist_compiled_react-server-dom-turbopack_436a3cdf._.js:2349:9)
    at processBinaryChunk (http://localhost:3000/_next/static/chunks/c5971_next_dist_compiled_react-server-dom-turbopack_436a3cdf._.js:2459:98)
    at progress (http://localhost:3000/_next/static/chunks/c5971_next_dist_compiled_react-server-dom-turbopack_436a3cdf._.js:2628:13) @ http://localhost:3000/_next/static/chunks/c5971_next_dist_450a28fb._.js:2287
[    7071ms] [ERROR] %c%s%c C:\Users\user\Documents\POS-Billing\.next\dev\server\chunks\ssr\c5971_next_dist_aec99eb3._.js: Invalid source map. Only conformant source maps can be used to find the original code. Cause: Error: sourceMapURL could not be parsed background: #e6e6e6;background: light-dark(rgba(0,0,0,0.1), rgba(255,255,255,0.25));color: #000000;color: light-dark(#000000, #ffffff);border-radius: 2px  Server   @ http://localhost:3000/_next/static/chunks/c5971_next_dist_450a28fb._.js:3117
[    7072ms] [ERROR] %c%s%c C:\Users\user\Documents\POS-Billing\.next\dev\server\chunks\ssr\[root-of-the-server]__7bc5225e._.js: Invalid source map. Only conformant source maps can be used to find the original code. Cause: Error: sourceMapURL could not be parsed background: #e6e6e6;background: light-dark(rgba(0,0,0,0.1), rgba(255,255,255,0.25));color: #000000;color: light-dark(#000000, #ffffff);border-radius: 2px  Server   @ http://localhost:3000/_next/static/chunks/c5971_next_dist_450a28fb._.js:3117
[    7131ms] [LOG] [HMR] connected @ http://localhost:3000/_next/static/chunks/c5971_next_dist_450a28fb._.js:2287
[    7274ms] [LOG] [Fast Refresh] rebuilding @ http://localhost:3000/_next/static/chunks/c5971_next_dist_450a28fb._.js:2287
[    7311ms] [LOG] [Fast Refresh] done in 143ms @ http://localhost:3000/_next/static/chunks/c5971_next_dist_450a28fb._.js:2287
[    7901ms] [LOG] [Fast Refresh] rebuilding @ http://localhost:3000/_next/static/chunks/c5971_next_dist_450a28fb._.js:2287
[    7940ms] [LOG] [Fast Refresh] done in 143ms @ http://localhost:3000/_next/static/chunks/c5971_next_dist_450a28fb._.js:2287
[   12637ms] Error: Hydration failed because the server rendered text didn't match the client. As a result this tree will be regenerated on the client. This can happen if a SSR-ed Client Component used:

- A server/client branch `if (typeof window !== 'undefined')`.
- Variable input such as `Date.now()` or `Math.random()` which changes each time it's called.
- Date formatting in a user's locale which doesn't match the server.
- External changing data without sending a snapshot of it along with the HTML.
- Invalid HTML tag nesting.

It can also happen if the client has a browser extension installed which messes with the HTML before React loaded.

https://react.dev/link/hydration-mismatch

  ...
    <SegmentViewNode type="page" pagePath="/POS-Billi...">
      <SegmentTrieNode>
      <LedgersPage>
        <div className="space-y-4 ...">
          <div>
          <LedgersClient initialType="sale" initialData={[...]}>
            <div>
            <Card>
              <div data-slot="card" className="bg-card te...">
                <CardHeader>
                <CardContent className="p-0 sm:p-6">
                  <div data-slot="card-content" className="p-0 sm:p-6">
                    <div className="overflow-x...">
                      <table className="w-full tex...">
                        <thead>
                        <tbody className={"[&>tr:no..."}>
                          <tr className="hover:bg-m...">
                            <td className="py-2 sm:py...">
                              <div className="flex flex-col">
                                <span>
+                                 4/18/2026
-                                 18/04/2026
                                ...
                            ...
                          ...
    ...

    at throwOnHydrationMismatch (http://localhost:3000/_next/static/chunks/c5971_next_dist_compiled_react-dom_d67f170d._.js:3342:56)
    at prepareToHydrateHostInstance (http://localhost:3000/_next/static/chunks/c5971_next_dist_compiled_react-dom_d67f170d._.js:3396:23)
    at completeWork (http://localhost:3000/_next/static/chunks/c5971_next_dist_compiled_react-dom_d67f170d._.js:6928:60)
    at runWithFiberInDEV (http://localhost:3000/_next/static/chunks/c5971_next_dist_compiled_react-dom_d67f170d._.js:959:74)
    at completeUnitOfWork (http://localhost:3000/_next/static/chunks/c5971_next_dist_compiled_react-dom_d67f170d._.js:9621:23)
    at performUnitOfWork (http://localhost:3000/_next/static/chunks/c5971_next_dist_compiled_react-dom_d67f170d._.js:9558:28)
    at workLoopConcurrentByScheduler (http://localhost:3000/_next/static/chunks/c5971_next_dist_compiled_react-dom_d67f170d._.js:9552:58)
    at renderRootConcurrent (http://localhost:3000/_next/static/chunks/c5971_next_dist_compiled_react-dom_d67f170d._.js:9535:71)
    at performWorkOnRoot (http://localhost:3000/_next/static/chunks/c5971_next_dist_compiled_react-dom_d67f170d._.js:9062:150)
    at performWorkOnRootViaSchedulerTask (http://localhost:3000/_next/static/chunks/c5971_next_dist_compiled_react-dom_d67f170d._.js:10224:9)
    at MessagePort.performWorkUntilDeadline (http://localhost:3000/_next/static/chunks/c5971_next_dist_compiled_9b65e844._.js:2647:64)
