[     130ms] [LOG] [Fast Refresh] rebuilding @ http://localhost:3000/_next/static/chunks/c5971_next_dist_450a28fb._.js:2287
[    1268ms] [LOG] [Fast Refresh] done in 1248ms @ http://localhost:3000/_next/static/chunks/c5971_next_dist_450a28fb._.js:2287
[    1948ms] [INFO] %cDownload the React DevTools for a better development experience: https://react.dev/link/react-devtools font-weight:bold @ http://localhost:3000/_next/static/chunks/c5971_next_dist_450a28fb._.js:2287
[    2019ms] [LOG] [HMR] connected @ http://localhost:3000/_next/static/chunks/c5971_next_dist_450a28fb._.js:2287
[    2194ms] [ERROR] A tree hydrated but some attributes of the server rendered HTML didn't match the client properties. This won't be patched up. This can happen if a SSR-ed Client Component used:

- A server/client branch `if (typeof window !== 'undefined')`.
- Variable input such as `Date.now()` or `Math.random()` which changes each time it's called.
- Date formatting in a user's locale which doesn't match the server.
- External changing data without sending a snapshot of it along with the HTML.
- Invalid HTML tag nesting.

It can also happen if the client has a browser extension installed which messes with the HTML before React loaded.

%s%s https://react.dev/link/hydration-mismatch 

  ...
    <script>
    <script>
    <script>
    <script>
    <script>
    <script>
    <AppLayout>
      <div className="min-h-scre...">
        <Sidebar user={{id:"d7a51e...", ...}}>
          <button>
          <aside className="w-72 bg-si...">
            <div>
            <nav className="pt-5 px-3 ...">
              <LinkComponent>
              <Collapsible open={false} onOpenChange={function bound dispatchSetState}>
                <Collapsible data-slot="collapsible" open={false} onOpenChange={function bound dispatchSetState}>
                  <CollapsibleProvider scope={undefined} disabled={undefined} contentId="radix-_R_j..." open={false} ...>
                    <Primitive.div data-state="closed" data-disabled={undefined} data-slot="collapsible" ref={null}>
                      <div data-state="closed" data-disabled={undefined} data-slot="collapsible" ref={null}>
                        <CollapsibleTrigger className="relative f...">
                          <CollapsibleTrigger data-slot="collapsibl..." className="relative f...">
                            <Primitive.button type="button" aria-controls="radix-_R_j..." aria-expanded={false} ...>
                              <button
                                type="button"
+                               aria-controls="radix-_R_jaitmlb_"
-                               aria-controls="radix-_R_4q6itmlb_"
                                aria-expanded={false}
                                data-state="closed"
                                data-disabled={undefined}
                                disabled={undefined}
                                data-slot="collapsible-trigger"
                                className="relative flex items-center justify-between w-full gap-3 px-4 py-3 rounded-x..."
                                onClick={function handleEvent}
                                ref={null}
                              >
                        <CollapsibleContent className="mt-1 space...">
                          <CollapsibleContent data-slot="collapsibl..." className="mt-1 space...">
                            <Presence present={false}>
                              <Primitive.div data-state="closed" data-disabled={undefined} id="radix-_R_j..." ...>
                                <div
                                  data-state="closed"
                                  data-disabled={undefined}
+                                 id="radix-_R_jaitmlb_"
-                                 id="radix-_R_4q6itmlb_"
                                  hidden={true}
                                  data-slot="collapsible-content"
                                  className="mt-1 space-y-1"
                                  style={{--radix-collapsible-content-height:undefined, ...}}
                                  ref={function}
                                >
              <Collapsible open={false} onOpenChange={function bound dispatchSetState}>
                <Collapsible data-slot="collapsible" open={false} onOpenChange={function bound dispatchSetState}>
                  <CollapsibleProvider scope={undefined} disabled={undefined} contentId="radix-_R_r..." open={false} ...>
                    <Primitive.div data-state="closed" data-disabled={undefined} data-slot="collapsible" ref={null}>
                      <div data-state="closed" data-disabled={undefined} data-slot="collapsible" ref={null}>
                        <CollapsibleTrigger className="relative f...">
                          <CollapsibleTrigger data-slot="collapsibl..." className="relative f...">
                            <Primitive.button type="button" aria-controls="radix-_R_r..." aria-expanded={false} ...>
                              <button
                                type="button"
+                               aria-controls="radix-_R_raitmlb_"
-                               aria-controls="radix-_R_6q6itmlb_"
                                aria-expanded={false}
                                data-state="closed"
                                data-disabled={undefined}
                                disabled={undefined}
                                data-slot="collapsible-trigger"
                                className="relative flex items-center justify-between w-full gap-3 px-4 py-3 rounded-x..."
                                onClick={function handleEvent}
                                ref={null}
                              >
                        <CollapsibleContent className="mt-1 space...">
                          <CollapsibleContent data-slot="collapsibl..." className="mt-1 space...">
                            <Presence present={false}>
                              <Primitive.div data-state="closed" data-disabled={undefined} id="radix-_R_r..." ...>
                                <div
                                  data-state="closed"
                                  data-disabled={undefined}
+                                 id="radix-_R_raitmlb_"
-                                 id="radix-_R_6q6itmlb_"
                                  hidden={true}
                                  data-slot="collapsible-content"
                                  className="mt-1 space-y-1"
                                  style={{--radix-collapsible-content-height:undefined, ...}}
                                  ref={function}
                                >
              <Collapsible open={false} onOpenChange={function bound dispatchSetState}>
                <Collapsible data-slot="collapsible" open={false} onOpenChange={function bound dispatchSetState}>
                  <CollapsibleProvider scope={undefined} disabled={undefined} contentId="radix-_R_1..." open={false} ...>
                    <Primitive.div data-state="closed" data-disabled={undefined} data-slot="collapsible" ref={null}>
                      <div data-state="closed" data-disabled={undefined} data-slot="collapsible" ref={null}>
                        <CollapsibleTrigger className="relative f...">
                          <CollapsibleTrigger data-slot="collapsibl..." className="relative f...">
                            <Primitive.button type="button" aria-controls="radix-_R_1..." aria-expanded={false} ...>
                              <button
                                type="button"
+                               aria-controls="radix-_R_13aitmlb_"
-                               aria-controls="radix-_R_8q6itmlb_"
                                aria-expanded={false}
                                data-state="closed"
                                data-disabled={undefined}
                                disabled={undefined}
                                data-slot="collapsible-trigger"
                                className="relative flex items-center justify-between w-full gap-3 px-4 py-3 rounded-x..."
                                onClick={function handleEvent}
                                ref={null}
                              >
                        <CollapsibleContent className="mt-1 space...">
                          <CollapsibleContent data-slot="collapsibl..." className="mt-1 space...">
                            <Presence present={false}>
                              <Primitive.div data-state="closed" data-disabled={undefined} id="radix-_R_1..." ...>
                                <div
                                  data-state="closed"
                                  data-disabled={undefined}
+                                 id="radix-_R_13aitmlb_"
-                                 id="radix-_R_8q6itmlb_"
                                  hidden={true}
                                  data-slot="collapsible-content"
                                  className="mt-1 space-y-1"
                                  style={{--radix-collapsible-content-height:undefined, ...}}
                                  ref={function}
                                >
              <LinkComponent>
              <Collapsible open={false} onOpenChange={function bound dispatchSetState}>
                <Collapsible data-slot="collapsible" open={false} onOpenChange={function bound dispatchSetState}>
                  <CollapsibleProvider scope={undefined} disabled={undefined} contentId="radix-_R_1..." open={false} ...>
                    <Primitive.div data-state="closed" data-disabled={undefined} data-slot="collapsible" ref={null}>
                      <div data-state="closed" data-disabled={undefined} data-slot="collapsible" ref={null}>
                        <CollapsibleTrigger className="relative f...">
                          <CollapsibleTrigger data-slot="collapsibl..." className="relative f...">
                            <Primitive.button type="button" aria-controls="radix-_R_1..." aria-expanded={false} ...>
                              <button
                                type="button"
+                               aria-controls="radix-_R_1jaitmlb_"
-                               aria-controls="radix-_R_cq6itmlb_"
                                aria-expanded={false}
                                data-state="closed"
                                data-disabled={undefined}
                                disabled={undefined}
                                data-slot="collapsible-trigger"
                                className="relative flex items-center justify-between w-full gap-3 px-4 py-3 rounded-x..."
                                onClick={function handleEvent}
                                ref={null}
                              >
                        <CollapsibleContent className="mt-1 space...">
                          <CollapsibleContent data-slot="collapsibl..." className="mt-1 space...">
                            <Presence present={false}>
                              <Primitive.div data-state="closed" data-disabled={undefined} id="radix-_R_1..." ...>
                                <div
                                  data-state="closed"
                                  data-disabled={undefined}
+                                 id="radix-_R_1jaitmlb_"
-                                 id="radix-_R_cq6itmlb_"
                                  hidden={true}
                                  data-slot="collapsible-content"
                                  className="mt-1 space-y-1"
                                  style={{--radix-collapsible-content-height:undefined, ...}}
                                  ref={function}
                                >
              <Collapsible open={false} onOpenChange={function bound dispatchSetState}>
                <Collapsible data-slot="collapsible" open={false} onOpenChange={function bound dispatchSetState}>
                  <CollapsibleProvider scope={undefined} disabled={undefined} contentId="radix-_R_1..." open={false} ...>
                    <Primitive.div data-state="closed" data-disabled={undefined} data-slot="collapsible" ref={null}>
                      <div data-state="closed" data-disabled={undefined} data-slot="collapsible" ref={null}>
                        <CollapsibleTrigger className="relative f...">
                          <CollapsibleTrigger data-slot="collapsibl..." className="relative f...">
                            <Primitive.button type="button" aria-controls="radix-_R_1..." aria-expanded={false} ...>
                              <button
                                type="button"
+                               aria-controls="radix-_R_1raitmlb_"
-                               aria-controls="radix-_R_eq6itmlb_"
                                aria-expanded={false}
                                data-state="closed"
                                data-disabled={undefined}
                                disabled={undefined}
                                data-slot="collapsible-trigger"
                                className="relative flex items-center justify-between w-full gap-3 px-4 py-3 rounded-x..."
                                onClick={function handleEvent}
                                ref={null}
                              >
                        <CollapsibleContent className="mt-1 space...">
                          <CollapsibleContent data-slot="collapsibl..." className="mt-1 space...">
                            <Presence present={false}>
                              <Primitive.div data-state="closed" data-disabled={undefined} id="radix-_R_1..." ...>
                                <div
                                  data-state="closed"
                                  data-disabled={undefined}
+                                 id="radix-_R_1raitmlb_"
-                                 id="radix-_R_eq6itmlb_"
                                  hidden={true}
                                  data-slot="collapsible-content"
                                  className="mt-1 space-y-1"
                                  style={{--radix-collapsible-content-height:undefined, ...}}
                                  ref={function}
                                >
              <Collapsible open={false} onOpenChange={function bound dispatchSetState}>
                <Collapsible data-slot="collapsible" open={false} onOpenChange={function bound dispatchSetState}>
                  <CollapsibleProvider scope={undefined} disabled={undefined} contentId="radix-_R_2..." open={false} ...>
                    <Primitive.div data-state="closed" data-disabled={undefined} data-slot="collapsible" ref={null}>
                      <div data-state="closed" data-disabled={undefined} data-slot="collapsible" ref={null}>
                        <CollapsibleTrigger className="relative f...">
                          <CollapsibleTrigger data-slot="collapsibl..." className="relative f...">
                            <Primitive.button type="button" aria-controls="radix-_R_2..." aria-expanded={false} ...>
                              <button
                                type="button"
+                               aria-controls="radix-_R_23aitmlb_"
-                               aria-controls="radix-_R_gq6itmlb_"
                                aria-expanded={false}
                                data-state="closed"
                                data-disabled={undefined}
                                disabled={undefined}
                                data-slot="collapsible-trigger"
                                className="relative flex items-center justify-between w-full gap-3 px-4 py-3 rounded-x..."
                                onClick={function handleEvent}
                                ref={null}
                              >
                        <CollapsibleContent className="mt-1 space...">
                          <CollapsibleContent data-slot="collapsibl..." className="mt-1 space...">
                            <Presence present={false}>
                              <Primitive.div data-state="closed" data-disabled={undefined} id="radix-_R_2..." ...>
                                <div
                                  data-state="closed"
                                  data-disabled={undefined}
+                                 id="radix-_R_23aitmlb_"
-                                 id="radix-_R_gq6itmlb_"
                                  hidden={true}
                                  data-slot="collapsible-content"
                                  className="mt-1 space-y-1"
                                  style={{--radix-collapsible-content-height:undefined, ...}}
                                  ref={function}
                                >
              <Collapsible open={false} onOpenChange={function bound dispatchSetState}>
                <Collapsible data-slot="collapsible" open={false} onOpenChange={function bound dispatchSetState}>
                  <CollapsibleProvider scope={undefined} disabled={undefined} contentId="radix-_R_2..." open={false} ...>
                    <Primitive.div data-state="closed" data-disabled={undefined} data-slot="collapsible" ref={null}>
                      <div data-state="closed" data-disabled={undefined} data-slot="collapsible" ref={null}>
                        <CollapsibleTrigger className="relative f...">
                          <CollapsibleTrigger data-slot="collapsibl..." className="relative f...">
                            <Primitive.button type="button" aria-controls="radix-_R_2..." aria-expanded={false} ...>
                              <button
                                type="button"
+                               aria-controls="radix-_R_2baitmlb_"
-                               aria-controls="radix-_R_iq6itmlb_"
                                aria-expanded={false}
                                data-state="closed"
                                data-disabled={undefined}
                                disabled={undefined}
                                data-slot="collapsible-trigger"
                                className="relative flex items-center justify-between w-full gap-3 px-4 py-3 rounded-x..."
                                onClick={function handleEvent}
                                ref={null}
                              >
                        <CollapsibleContent className="mt-1 space...">
                          <CollapsibleContent data-slot="collapsibl..." className="mt-1 space...">
                            <Presence present={false}>
                              <Primitive.div data-state="closed" data-disabled={undefined} id="radix-_R_2..." ...>
                                <div
                                  data-state="closed"
                                  data-disabled={undefined}
+                                 id="radix-_R_2baitmlb_"
-                                 id="radix-_R_iq6itmlb_"
                                  hidden={true}
                                  data-slot="collapsible-content"
                                  className="mt-1 space-y-1"
                                  style={{--radix-collapsible-content-height:undefined, ...}}
                                  ref={function}
                                >
              ...
              ...
                <Dialog data-slot="dialog" open={false} onOpenChange={function bound dispatchSetState}>
                  <DialogProvider scope={undefined} triggerRef={{current:null}} contentRef={{current:null}} ...>
                    <DialogTrigger asChild={true}>
                      <DialogTrigger data-slot="dialog-tri..." asChild={true}>
                        <Primitive.button type="button" aria-haspopup="dialog" aria-expanded={false} ...>
                          <Slot type="button" aria-haspopup="dialog" aria-expanded={false} aria-controls="radix-_R_5..." ...>
                            <SlotClone type="button" aria-haspopup="dialog" aria-expanded={false} ...>
                              <Button variant="ghost" className="w-full jus..." type="button" aria-haspopup="dialog" ...>
                                <button
                                  data-slot="dialog-trigger"
                                  className={"inline-flex items-center whitespace-nowrap text-sm font-medium transiti..."}
                                  type="button"
                                  aria-haspopup="dialog"
                                  aria-expanded={false}
+                                 aria-controls="radix-_R_5aitmlb_"
-                                 aria-controls="radix-_R_1a6itmlb_"
                                  data-state="closed"
                                  onClick={function handleEvent}
                                  ref={function}
                                >
                    ...
        ...
 @ http://localhost:3000/_next/static/chunks/c5971_next_dist_450a28fb._.js:3117
[    2288ms] [LOG] [Fast Refresh] rebuilding @ http://localhost:3000/_next/static/chunks/c5971_next_dist_450a28fb._.js:2287
[    2389ms] [LOG] [Fast Refresh] done in 291ms @ http://localhost:3000/_next/static/chunks/c5971_next_dist_450a28fb._.js:2287
[    2708ms] Error: Hydration failed because the server rendered text didn't match the client. As a result this tree will be regenerated on the client. This can happen if a SSR-ed Client Component used:

- A server/client branch `if (typeof window !== 'undefined')`.
- Variable input such as `Date.now()` or `Math.random()` which changes each time it's called.
- Date formatting in a user's locale which doesn't match the server.
- External changing data without sending a snapshot of it along with the HTML.
- Invalid HTML tag nesting.

It can also happen if the client has a browser extension installed which messes with the HTML before React loaded.

https://react.dev/link/hydration-mismatch

  ...
    <SegmentViewNode type="page" pagePath="/POS-Billi...">
      <SegmentTrieNode>
      <SalesReturnsPage>
        <div className="space-y-4 ...">
          <div>
          <SalesReturnsClient returns={[...]}>
            <Card>
              <div data-slot="card" className="bg-card te...">
                <CardHeader>
                <CardContent className="p-0 sm:p-6">
                  <div data-slot="card-content" className="p-0 sm:p-6">
                    <div className="overflow-x...">
                      <table className="w-full tex...">
                        <thead>
                        <tbody className={"[&>tr:no..."}>
                          <tr className="hover:bg-m...">
                            <td className="py-2 sm:py...">
                              <div className="flex flex-...">
                                <span>
                                <span>
                                <span className="text-[10px] text-muted-foreground sm:hidden truncate">
+                                 4/20/2026
-                                 20/04/2026
                            ...
                          ...
    ...

    at throwOnHydrationMismatch (http://localhost:3000/_next/static/chunks/c5971_next_dist_compiled_react-dom_d67f170d._.js:3342:56)
    at prepareToHydrateHostInstance (http://localhost:3000/_next/static/chunks/c5971_next_dist_compiled_react-dom_d67f170d._.js:3396:23)
    at completeWork (http://localhost:3000/_next/static/chunks/c5971_next_dist_compiled_react-dom_d67f170d._.js:6928:60)
    at runWithFiberInDEV (http://localhost:3000/_next/static/chunks/c5971_next_dist_compiled_react-dom_d67f170d._.js:959:74)
    at completeUnitOfWork (http://localhost:3000/_next/static/chunks/c5971_next_dist_compiled_react-dom_d67f170d._.js:9621:23)
    at performUnitOfWork (http://localhost:3000/_next/static/chunks/c5971_next_dist_compiled_react-dom_d67f170d._.js:9558:28)
    at workLoopConcurrentByScheduler (http://localhost:3000/_next/static/chunks/c5971_next_dist_compiled_react-dom_d67f170d._.js:9552:58)
    at renderRootConcurrent (http://localhost:3000/_next/static/chunks/c5971_next_dist_compiled_react-dom_d67f170d._.js:9535:71)
    at performWorkOnRoot (http://localhost:3000/_next/static/chunks/c5971_next_dist_compiled_react-dom_d67f170d._.js:9062:150)
    at performWorkOnRootViaSchedulerTask (http://localhost:3000/_next/static/chunks/c5971_next_dist_compiled_react-dom_d67f170d._.js:10224:9)
    at MessagePort.performWorkUntilDeadline (http://localhost:3000/_next/static/chunks/c5971_next_dist_compiled_9b65e844._.js:2647:64)
[    2782ms] [LOG] [Fast Refresh] rebuilding @ http://localhost:3000/_next/static/chunks/c5971_next_dist_450a28fb._.js:2287
[    2896ms] [LOG] [Fast Refresh] done in 217ms @ http://localhost:3000/_next/static/chunks/c5971_next_dist_450a28fb._.js:2287
[    5921ms] [LOG] [Fast Refresh] rebuilding @ http://localhost:3000/_next/static/chunks/c5971_next_dist_450a28fb._.js:2287
[    6077ms] [LOG] [Fast Refresh] done in 269ms @ http://localhost:3000/_next/static/chunks/c5971_next_dist_450a28fb._.js:2287
[   20119ms] [LOG] [Fast Refresh] rebuilding @ http://localhost:3000/_next/static/chunks/c5971_next_dist_450a28fb._.js:2287
[   20236ms] [LOG] [Fast Refresh] done in 230ms @ http://localhost:3000/_next/static/chunks/c5971_next_dist_450a28fb._.js:2287
[   73036ms] [LOG] [Fast Refresh] rebuilding @ http://localhost:3000/_next/static/chunks/c5971_next_dist_450a28fb._.js:2287
[   73142ms] [LOG] [Fast Refresh] done in 214ms @ http://localhost:3000/_next/static/chunks/c5971_next_dist_450a28fb._.js:2287
[  142129ms] [LOG] [Fast Refresh] rebuilding @ http://localhost:3000/_next/static/chunks/c5971_next_dist_450a28fb._.js:2287
[  142239ms] [LOG] [Fast Refresh] done in 212ms @ http://localhost:3000/_next/static/chunks/c5971_next_dist_450a28fb._.js:2287
[  156686ms] [LOG] [Fast Refresh] rebuilding @ http://localhost:3000/_next/static/chunks/c5971_next_dist_450a28fb._.js:2287
[  156801ms] [LOG] [Fast Refresh] done in 215ms @ http://localhost:3000/_next/static/chunks/c5971_next_dist_450a28fb._.js:2287
[  162130ms] [LOG] [Fast Refresh] rebuilding @ http://localhost:3000/_next/static/chunks/c5971_next_dist_450a28fb._.js:2287
[  162231ms] [LOG] [Fast Refresh] done in 216ms @ http://localhost:3000/_next/static/chunks/c5971_next_dist_450a28fb._.js:2287
[  184756ms] [LOG] [Fast Refresh] rebuilding @ http://localhost:3000/_next/static/chunks/c5971_next_dist_450a28fb._.js:2287
[  184839ms] [LOG] [Fast Refresh] done in 197ms @ http://localhost:3000/_next/static/chunks/c5971_next_dist_450a28fb._.js:2287
[  206698ms] [LOG] [Fast Refresh] rebuilding @ http://localhost:3000/_next/static/chunks/c5971_next_dist_450a28fb._.js:2287
[  206793ms] [LOG] [Fast Refresh] done in 197ms @ http://localhost:3000/_next/static/chunks/c5971_next_dist_450a28fb._.js:2287
[  212045ms] [LOG] [Fast Refresh] rebuilding @ http://localhost:3000/_next/static/chunks/c5971_next_dist_450a28fb._.js:2287
[  212166ms] [LOG] [Fast Refresh] done in 235ms @ http://localhost:3000/_next/static/chunks/c5971_next_dist_450a28fb._.js:2287
[  230671ms] [LOG] [Fast Refresh] rebuilding @ http://localhost:3000/_next/static/chunks/c5971_next_dist_450a28fb._.js:2287
[  230793ms] [LOG] [Fast Refresh] done in 229ms @ http://localhost:3000/_next/static/chunks/c5971_next_dist_450a28fb._.js:2287
[  249200ms] [LOG] [Fast Refresh] rebuilding @ http://localhost:3000/_next/static/chunks/c5971_next_dist_450a28fb._.js:2287
[  249334ms] [LOG] [Fast Refresh] done in 237ms @ http://localhost:3000/_next/static/chunks/c5971_next_dist_450a28fb._.js:2287
[  254207ms] [LOG] [Fast Refresh] rebuilding @ http://localhost:3000/_next/static/chunks/c5971_next_dist_450a28fb._.js:2287
[  254748ms] [LOG] [Fast Refresh] done in 643ms @ http://localhost:3000/_next/static/chunks/c5971_next_dist_450a28fb._.js:2287
[  260144ms] [LOG] [Fast Refresh] rebuilding @ http://localhost:3000/_next/static/chunks/c5971_next_dist_450a28fb._.js:2287
[  260333ms] [LOG] [Fast Refresh] done in 294ms @ http://localhost:3000/_next/static/chunks/c5971_next_dist_450a28fb._.js:2287
[  312220ms] [LOG] [Fast Refresh] rebuilding @ http://localhost:3000/_next/static/chunks/c5971_next_dist_450a28fb._.js:2287
[  312346ms] [LOG] [Fast Refresh] done in 238ms @ http://localhost:3000/_next/static/chunks/c5971_next_dist_450a28fb._.js:2287
[  373438ms] [LOG] [Fast Refresh] rebuilding @ http://localhost:3000/_next/static/chunks/c5971_next_dist_450a28fb._.js:2287
[  373546ms] [LOG] [Fast Refresh] done in 213ms @ http://localhost:3000/_next/static/chunks/c5971_next_dist_450a28fb._.js:2287
[  397702ms] [LOG] [Fast Refresh] rebuilding @ http://localhost:3000/_next/static/chunks/c5971_next_dist_450a28fb._.js:2287
[  397806ms] [LOG] [Fast Refresh] done in 216ms @ http://localhost:3000/_next/static/chunks/c5971_next_dist_450a28fb._.js:2287
[  404392ms] [LOG] [Fast Refresh] rebuilding @ http://localhost:3000/_next/static/chunks/c5971_next_dist_450a28fb._.js:2287
[  404643ms] [LOG] [Fast Refresh] done in 351ms @ http://localhost:3000/_next/static/chunks/c5971_next_dist_450a28fb._.js:2287
[  436790ms] [LOG] [Fast Refresh] rebuilding @ http://localhost:3000/_next/static/chunks/c5971_next_dist_450a28fb._.js:2287
[  436983ms] [LOG] [Fast Refresh] done in 306ms @ http://localhost:3000/_next/static/chunks/c5971_next_dist_450a28fb._.js:2287
