[     125ms] [LOG] [Fast Refresh] rebuilding @ http://localhost:3000/_next/static/chunks/c5971_next_dist_450a28fb._.js:2287
[     137ms] [LOG] [Fast Refresh] done in 119ms @ http://localhost:3000/_next/static/chunks/c5971_next_dist_450a28fb._.js:2287
[    1897ms] [INFO] %cDownload the React DevTools for a better development experience: https://react.dev/link/react-devtools font-weight:bold @ http://localhost:3000/_next/static/chunks/c5971_next_dist_450a28fb._.js:2287
[    1970ms] [LOG] [HMR] connected @ http://localhost:3000/_next/static/chunks/c5971_next_dist_450a28fb._.js:2287
[   10430ms] [LOG] [Fast Refresh] rebuilding @ http://localhost:3000/_next/static/chunks/c5971_next_dist_450a28fb._.js:2287
[   10566ms] [LOG] [Fast Refresh] done in 247ms @ http://localhost:3000/_next/static/chunks/c5971_next_dist_450a28fb._.js:2287
[   39521ms] [LOG] [Fast Refresh] rebuilding @ http://localhost:3000/_next/static/chunks/c5971_next_dist_450a28fb._.js:2287
[   39690ms] [LOG] [Fast Refresh] done in 272ms @ http://localhost:3000/_next/static/chunks/c5971_next_dist_450a28fb._.js:2287
[  106066ms] [LOG] [Fast Refresh] rebuilding @ http://localhost:3000/_next/static/chunks/c5971_next_dist_450a28fb._.js:2287
[  106198ms] [LOG] [Fast Refresh] done in 238ms @ http://localhost:3000/_next/static/chunks/c5971_next_dist_450a28fb._.js:2287
[  186790ms] [LOG] [Fast Refresh] rebuilding @ http://localhost:3000/_next/static/chunks/c5971_next_dist_450a28fb._.js:2287
[  186921ms] [LOG] [Fast Refresh] done in 243ms @ http://localhost:3000/_next/static/chunks/c5971_next_dist_450a28fb._.js:2287
[  686379ms] [LOG] [Fast Refresh] rebuilding @ http://localhost:3000/_next/static/chunks/c5971_next_dist_450a28fb._.js:2287
[  686637ms] [LOG] [Fast Refresh] done in 358ms @ http://localhost:3000/_next/static/chunks/c5971_next_dist_450a28fb._.js:2287
[ 1013466ms] [LOG] [Fast Refresh] rebuilding @ http://localhost:3000/_next/static/chunks/c5971_next_dist_450a28fb._.js:2287
[ 1014592ms] [LOG] [Fast Refresh] done in 1197ms @ http://localhost:3000/_next/static/chunks/c5971_next_dist_450a28fb._.js:2287
[ 1047211ms] [LOG] [Fast Refresh] rebuilding @ http://localhost:3000/_next/static/chunks/c5971_next_dist_450a28fb._.js:2287
[ 1048012ms] [LOG] [Fast Refresh] done in 889ms @ http://localhost:3000/_next/static/chunks/c5971_next_dist_450a28fb._.js:2287
[ 1062633ms] [LOG] [Fast Refresh] rebuilding @ http://localhost:3000/_next/static/chunks/c5971_next_dist_450a28fb._.js:2287
[ 1063213ms] [LOG] [Fast Refresh] done in 681ms @ http://localhost:3000/_next/static/chunks/c5971_next_dist_450a28fb._.js:2287
[ 1090243ms] [LOG] [Fast Refresh] rebuilding @ http://localhost:3000/_next/static/chunks/c5971_next_dist_450a28fb._.js:2287
[ 1090482ms] [LOG] [Fast Refresh] done in 344ms @ http://localhost:3000/_next/static/chunks/c5971_next_dist_450a28fb._.js:2287
[ 1099846ms] [LOG] [Fast Refresh] rebuilding @ http://localhost:3000/_next/static/chunks/c5971_next_dist_450a28fb._.js:2287
[ 1100036ms] [LOG] [Fast Refresh] done in 302ms @ http://localhost:3000/_next/static/chunks/c5971_next_dist_450a28fb._.js:2287
[ 1109071ms] [LOG] [Fast Refresh] rebuilding @ http://localhost:3000/_next/static/chunks/c5971_next_dist_450a28fb._.js:2287
[ 1110323ms] [LOG] [Fast Refresh] done in 1362ms @ http://localhost:3000/_next/static/chunks/c5971_next_dist_450a28fb._.js:2287
[ 1125977ms] [LOG] [Fast Refresh] rebuilding @ http://localhost:3000/_next/static/chunks/c5971_next_dist_450a28fb._.js:2287
[ 1126389ms] [LOG] [Fast Refresh] done in 516ms @ http://localhost:3000/_next/static/chunks/c5971_next_dist_450a28fb._.js:2287
[ 1157349ms] [LOG] [Fast Refresh] rebuilding @ http://localhost:3000/_next/static/chunks/c5971_next_dist_450a28fb._.js:2287
[ 1157698ms] [LOG] [Fast Refresh] done in 456ms @ http://localhost:3000/_next/static/chunks/c5971_next_dist_450a28fb._.js:2287
[ 1169023ms] [LOG] [Fast Refresh] rebuilding @ http://localhost:3000/_next/static/chunks/c5971_next_dist_450a28fb._.js:2287
[ 1169198ms] [LOG] [Fast Refresh] done in 284ms @ http://localhost:3000/_next/static/chunks/c5971_next_dist_450a28fb._.js:2287
[ 1212971ms] [LOG] [Fast Refresh] rebuilding @ http://localhost:3000/_next/static/chunks/c5971_next_dist_450a28fb._.js:2287
[ 1213338ms] [LOG] [Fast Refresh] done in 474ms @ http://localhost:3000/_next/static/chunks/c5971_next_dist_450a28fb._.js:2287
