[     861ms] [INFO] %cDownload the React DevTools for a better development experience: https://react.dev/link/react-devtools font-weight:bold @ http://localhost:3000/_next/static/chunks/c5971_next_dist_450a28fb._.js:2287
[     913ms] [LOG] [HMR] connected @ http://localhost:3000/_next/static/chunks/c5971_next_dist_450a28fb._.js:2287
[    1040ms] [LOG] [Fast Refresh] rebuilding @ http://localhost:3000/_next/static/chunks/c5971_next_dist_450a28fb._.js:2287
[    1099ms] [ERROR] A tree hydrated but some attributes of the server rendered HTML didn't match the client properties. This won't be patched up. This can happen if a SSR-ed Client Component used:

- A server/client branch `if (typeof window !== 'undefined')`.
- Variable input such as `Date.now()` or `Math.random()` which changes each time it's called.
- Date formatting in a user's locale which doesn't match the server.
- External changing data without sending a snapshot of it along with the HTML.
- Invalid HTML tag nesting.

It can also happen if the client has a browser extension installed which messes with the HTML before React loaded.

%s%s https://react.dev/link/hydration-mismatch 

  ...
    <script>
    <script>
    <script>
    <script>
    <script>
    <script>
    <AppLayout>
      <div className="min-h-scre...">
        <Sidebar user={{id:"d7a51e...", ...}}>
          <button>
          <aside className="w-72 bg-si...">
            <div>
            <nav className="pt-5 px-3 ...">
              <LinkComponent>
              <Collapsible open={false} onOpenChange={function bound dispatchSetState}>
                <Collapsible data-slot="collapsible" open={false} onOpenChange={function bound dispatchSetState}>
                  <CollapsibleProvider scope={undefined} disabled={undefined} contentId="radix-_R_j..." open={false} ...>
                    <Primitive.div data-state="closed" data-disabled={undefined} data-slot="collapsible" ref={null}>
                      <div data-state="closed" data-disabled={undefined} data-slot="collapsible" ref={null}>
                        <CollapsibleTrigger className="relative f...">
                          <CollapsibleTrigger data-slot="collapsibl..." className="relative f...">
                            <Primitive.button type="button" aria-controls="radix-_R_j..." aria-expanded={false} ...>
                              <button
                                type="button"
+                               aria-controls="radix-_R_jaitmlb_"
-                               aria-controls="radix-_R_4q6itmlb_"
                                aria-expanded={false}
                                data-state="closed"
                                data-disabled={undefined}
                                disabled={undefined}
                                data-slot="collapsible-trigger"
                                className="relative flex items-center justify-between w-full gap-3 px-4 py-3 rounded-x..."
                                onClick={function handleEvent}
                                ref={null}
                              >
                        <CollapsibleContent className="mt-1 space...">
                          <CollapsibleContent data-slot="collapsibl..." className="mt-1 space...">
                            <Presence present={false}>
                              <Primitive.div data-state="closed" data-disabled={undefined} id="radix-_R_j..." ...>
                                <div
                                  data-state="closed"
                                  data-disabled={undefined}
+                                 id="radix-_R_jaitmlb_"
-                                 id="radix-_R_4q6itmlb_"
                                  hidden={true}
                                  data-slot="collapsible-content"
                                  className="mt-1 space-y-1"
                                  style={{--radix-collapsible-content-height:undefined, ...}}
                                  ref={function}
                                >
              <Collapsible open={false} onOpenChange={function bound dispatchSetState}>
                <Collapsible data-slot="collapsible" open={false} onOpenChange={function bound dispatchSetState}>
                  <CollapsibleProvider scope={undefined} disabled={undefined} contentId="radix-_R_r..." open={false} ...>
                    <Primitive.div data-state="closed" data-disabled={undefined} data-slot="collapsible" ref={null}>
                      <div data-state="closed" data-disabled={undefined} data-slot="collapsible" ref={null}>
                        <CollapsibleTrigger className="relative f...">
                          <CollapsibleTrigger data-slot="collapsibl..." className="relative f...">
                            <Primitive.button type="button" aria-controls="radix-_R_r..." aria-expanded={false} ...>
                              <button
                                type="button"
+                               aria-controls="radix-_R_raitmlb_"
-                               aria-controls="radix-_R_6q6itmlb_"
                                aria-expanded={false}
                                data-state="closed"
                                data-disabled={undefined}
                                disabled={undefined}
                                data-slot="collapsible-trigger"
                                className="relative flex items-center justify-between w-full gap-3 px-4 py-3 rounded-x..."
                                onClick={function handleEvent}
                                ref={null}
                              >
                        <CollapsibleContent className="mt-1 space...">
                          <CollapsibleContent data-slot="collapsibl..." className="mt-1 space...">
                            <Presence present={false}>
                              <Primitive.div data-state="closed" data-disabled={undefined} id="radix-_R_r..." ...>
                                <div
                                  data-state="closed"
                                  data-disabled={undefined}
+                                 id="radix-_R_raitmlb_"
-                                 id="radix-_R_6q6itmlb_"
                                  hidden={true}
                                  data-slot="collapsible-content"
                                  className="mt-1 space-y-1"
                                  style={{--radix-collapsible-content-height:undefined, ...}}
                                  ref={function}
                                >
              <Collapsible open={false} onOpenChange={function bound dispatchSetState}>
                <Collapsible data-slot="collapsible" open={false} onOpenChange={function bound dispatchSetState}>
                  <CollapsibleProvider scope={undefined} disabled={undefined} contentId="radix-_R_1..." open={false} ...>
                    <Primitive.div data-state="closed" data-disabled={undefined} data-slot="collapsible" ref={null}>
                      <div data-state="closed" data-disabled={undefined} data-slot="collapsible" ref={null}>
                        <CollapsibleTrigger className="relative f...">
                          <CollapsibleTrigger data-slot="collapsibl..." className="relative f...">
                            <Primitive.button type="button" aria-controls="radix-_R_1..." aria-expanded={false} ...>
                              <button
                                type="button"
+                               aria-controls="radix-_R_13aitmlb_"
-                               aria-controls="radix-_R_8q6itmlb_"
                                aria-expanded={false}
                                data-state="closed"
                                data-disabled={undefined}
                                disabled={undefined}
                                data-slot="collapsible-trigger"
                                className="relative flex items-center justify-between w-full gap-3 px-4 py-3 rounded-x..."
                                onClick={function handleEvent}
                                ref={null}
                              >
                        <CollapsibleContent className="mt-1 space...">
                          <CollapsibleContent data-slot="collapsibl..." className="mt-1 space...">
                            <Presence present={false}>
                              <Primitive.div data-state="closed" data-disabled={undefined} id="radix-_R_1..." ...>
                                <div
                                  data-state="closed"
                                  data-disabled={undefined}
+                                 id="radix-_R_13aitmlb_"
-                                 id="radix-_R_8q6itmlb_"
                                  hidden={true}
                                  data-slot="collapsible-content"
                                  className="mt-1 space-y-1"
                                  style={{--radix-collapsible-content-height:undefined, ...}}
                                  ref={function}
                                >
              <LinkComponent>
              <Collapsible open={false} onOpenChange={function bound dispatchSetState}>
                <Collapsible data-slot="collapsible" open={false} onOpenChange={function bound dispatchSetState}>
                  <CollapsibleProvider scope={undefined} disabled={undefined} contentId="radix-_R_1..." open={false} ...>
                    <Primitive.div data-state="closed" data-disabled={undefined} data-slot="collapsible" ref={null}>
                      <div data-state="closed" data-disabled={undefined} data-slot="collapsible" ref={null}>
                        <CollapsibleTrigger className="relative f...">
                          <CollapsibleTrigger data-slot="collapsibl..." className="relative f...">
                            <Primitive.button type="button" aria-controls="radix-_R_1..." aria-expanded={false} ...>
                              <button
                                type="button"
+                               aria-controls="radix-_R_1jaitmlb_"
-                               aria-controls="radix-_R_cq6itmlb_"
                                aria-expanded={false}
                                data-state="closed"
                                data-disabled={undefined}
                                disabled={undefined}
                                data-slot="collapsible-trigger"
                                className="relative flex items-center justify-between w-full gap-3 px-4 py-3 rounded-x..."
                                onClick={function handleEvent}
                                ref={null}
                              >
                        <CollapsibleContent className="mt-1 space...">
                          <CollapsibleContent data-slot="collapsibl..." className="mt-1 space...">
                            <Presence present={false}>
                              <Primitive.div data-state="closed" data-disabled={undefined} id="radix-_R_1..." ...>
                                <div
                                  data-state="closed"
                                  data-disabled={undefined}
+                                 id="radix-_R_1jaitmlb_"
-                                 id="radix-_R_cq6itmlb_"
                                  hidden={true}
                                  data-slot="collapsible-content"
                                  className="mt-1 space-y-1"
                                  style={{--radix-collapsible-content-height:undefined, ...}}
                                  ref={function}
                                >
              <Collapsible open={false} onOpenChange={function bound dispatchSetState}>
                <Collapsible data-slot="collapsible" open={false} onOpenChange={function bound dispatchSetState}>
                  <CollapsibleProvider scope={undefined} disabled={undefined} contentId="radix-_R_1..." open={false} ...>
                    <Primitive.div data-state="closed" data-disabled={undefined} data-slot="collapsible" ref={null}>
                      <div data-state="closed" data-disabled={undefined} data-slot="collapsible" ref={null}>
                        <CollapsibleTrigger className="relative f...">
                          <CollapsibleTrigger data-slot="collapsibl..." className="relative f...">
                            <Primitive.button type="button" aria-controls="radix-_R_1..." aria-expanded={false} ...>
                              <button
                                type="button"
+                               aria-controls="radix-_R_1raitmlb_"
-                               aria-controls="radix-_R_eq6itmlb_"
                                aria-expanded={false}
                                data-state="closed"
                                data-disabled={undefined}
                                disabled={undefined}
                                data-slot="collapsible-trigger"
                                className="relative flex items-center justify-between w-full gap-3 px-4 py-3 rounded-x..."
                                onClick={function handleEvent}
                                ref={null}
                              >
                        <CollapsibleContent className="mt-1 space...">
                          <CollapsibleContent data-slot="collapsibl..." className="mt-1 space...">
                            <Presence present={false}>
                              <Primitive.div data-state="closed" data-disabled={undefined} id="radix-_R_1..." ...>
                                <div
                                  data-state="closed"
                                  data-disabled={undefined}
+                                 id="radix-_R_1raitmlb_"
-                                 id="radix-_R_eq6itmlb_"
                                  hidden={true}
                                  data-slot="collapsible-content"
                                  className="mt-1 space-y-1"
                                  style={{--radix-collapsible-content-height:undefined, ...}}
                                  ref={function}
                                >
              <Collapsible open={false} onOpenChange={function bound dispatchSetState}>
                <Collapsible data-slot="collapsible" open={false} onOpenChange={function bound dispatchSetState}>
                  <CollapsibleProvider scope={undefined} disabled={undefined} contentId="radix-_R_2..." open={false} ...>
                    <Primitive.div data-state="closed" data-disabled={undefined} data-slot="collapsible" ref={null}>
                      <div data-state="closed" data-disabled={undefined} data-slot="collapsible" ref={null}>
                        <CollapsibleTrigger className="relative f...">
                          <CollapsibleTrigger data-slot="collapsibl..." className="relative f...">
                            <Primitive.button type="button" aria-controls="radix-_R_2..." aria-expanded={false} ...>
                              <button
                                type="button"
+                               aria-controls="radix-_R_23aitmlb_"
-                               aria-controls="radix-_R_gq6itmlb_"
                                aria-expanded={false}
                                data-state="closed"
                                data-disabled={undefined}
                                disabled={undefined}
                                data-slot="collapsible-trigger"
                                className="relative flex items-center justify-between w-full gap-3 px-4 py-3 rounded-x..."
                                onClick={function handleEvent}
                                ref={null}
                              >
                        <CollapsibleContent className="mt-1 space...">
                          <CollapsibleContent data-slot="collapsibl..." className="mt-1 space...">
                            <Presence present={false}>
                              <Primitive.div data-state="closed" data-disabled={undefined} id="radix-_R_2..." ...>
                                <div
                                  data-state="closed"
                                  data-disabled={undefined}
+                                 id="radix-_R_23aitmlb_"
-                                 id="radix-_R_gq6itmlb_"
                                  hidden={true}
                                  data-slot="collapsible-content"
                                  className="mt-1 space-y-1"
                                  style={{--radix-collapsible-content-height:undefined, ...}}
                                  ref={function}
                                >
              <Collapsible open={false} onOpenChange={function bound dispatchSetState}>
                <Collapsible data-slot="collapsible" open={false} onOpenChange={function bound dispatchSetState}>
                  <CollapsibleProvider scope={undefined} disabled={undefined} contentId="radix-_R_2..." open={false} ...>
                    <Primitive.div data-state="closed" data-disabled={undefined} data-slot="collapsible" ref={null}>
                      <div data-state="closed" data-disabled={undefined} data-slot="collapsible" ref={null}>
                        <CollapsibleTrigger className="relative f...">
                          <CollapsibleTrigger data-slot="collapsibl..." className="relative f...">
                            <Primitive.button type="button" aria-controls="radix-_R_2..." aria-expanded={false} ...>
                              <button
                                type="button"
+                               aria-controls="radix-_R_2baitmlb_"
-                               aria-controls="radix-_R_iq6itmlb_"
                                aria-expanded={false}
                                data-state="closed"
                                data-disabled={undefined}
                                disabled={undefined}
                                data-slot="collapsible-trigger"
                                className="relative flex items-center justify-between w-full gap-3 px-4 py-3 rounded-x..."
                                onClick={function handleEvent}
                                ref={null}
                              >
                        <CollapsibleContent className="mt-1 space...">
                          <CollapsibleContent data-slot="collapsibl..." className="mt-1 space...">
                            <Presence present={false}>
                              <Primitive.div data-state="closed" data-disabled={undefined} id="radix-_R_2..." ...>
                                <div
                                  data-state="closed"
                                  data-disabled={undefined}
+                                 id="radix-_R_2baitmlb_"
-                                 id="radix-_R_iq6itmlb_"
                                  hidden={true}
                                  data-slot="collapsible-content"
                                  className="mt-1 space-y-1"
                                  style={{--radix-collapsible-content-height:undefined, ...}}
                                  ref={function}
                                >
              ...
              ...
                <Dialog data-slot="dialog" open={false} onOpenChange={function bound dispatchSetState}>
                  <DialogProvider scope={undefined} triggerRef={{current:null}} contentRef={{current:null}} ...>
                    <DialogTrigger asChild={true}>
                      <DialogTrigger data-slot="dialog-tri..." asChild={true}>
                        <Primitive.button type="button" aria-haspopup="dialog" aria-expanded={false} ...>
                          <Slot type="button" aria-haspopup="dialog" aria-expanded={false} aria-controls="radix-_R_5..." ...>
                            <SlotClone type="button" aria-haspopup="dialog" aria-expanded={false} ...>
                              <Button variant="ghost" className="w-full jus..." type="button" aria-haspopup="dialog" ...>
                                <button
                                  data-slot="dialog-trigger"
                                  className={"inline-flex items-center whitespace-nowrap text-sm font-medium transiti..."}
                                  type="button"
                                  aria-haspopup="dialog"
                                  aria-expanded={false}
+                                 aria-controls="radix-_R_5aitmlb_"
-                                 aria-controls="radix-_R_1a6itmlb_"
                                  data-state="closed"
                                  onClick={function handleEvent}
                                  ref={function}
                                >
                    ...
        ...
 @ http://localhost:3000/_next/static/chunks/c5971_next_dist_450a28fb._.js:3117
[    1223ms] [LOG] [Fast Refresh] done in 291ms @ http://localhost:3000/_next/static/chunks/c5971_next_dist_450a28fb._.js:2287
[    3463ms] [LOG] [Fast Refresh] rebuilding @ http://localhost:3000/_next/static/chunks/c5971_next_dist_450a28fb._.js:2287
[    3463ms] [LOG] [Fast Refresh] done in 265ms @ http://localhost:3000/_next/static/chunks/c5971_next_dist_450a28fb._.js:2287
