[     143ms] [LOG] [Fast Refresh] rebuilding @ http://localhost:3000/_next/static/chunks/c5971_next_dist_450a28fb._.js:2287
[     207ms] [LOG] [Fast Refresh] done in 172ms @ http://localhost:3000/_next/static/chunks/c5971_next_dist_450a28fb._.js:2287
[    1937ms] [INFO] %cDownload the React DevTools for a better development experience: https://react.dev/link/react-devtools font-weight:bold @ http://localhost:3000/_next/static/chunks/c5971_next_dist_450a28fb._.js:2287
[    2019ms] [LOG] [HMR] connected @ http://localhost:3000/_next/static/chunks/c5971_next_dist_450a28fb._.js:2287
[    3159ms] Error: Hydration failed because the server rendered text didn't match the client. As a result this tree will be regenerated on the client. This can happen if a SSR-ed Client Component used:

- A server/client branch `if (typeof window !== 'undefined')`.
- Variable input such as `Date.now()` or `Math.random()` which changes each time it's called.
- Date formatting in a user's locale which doesn't match the server.
- External changing data without sending a snapshot of it along with the HTML.
- Invalid HTML tag nesting.

It can also happen if the client has a browser extension installed which messes with the HTML before React loaded.

https://react.dev/link/hydration-mismatch

  ...
    <SegmentViewNode type="page" pagePath="/POS-Billi...">
      <SegmentTrieNode>
      <SalesReturnsPage>
        <div className="space-y-4 ...">
          <div>
          <SalesReturnsClient returns={[...]}>
            <Card>
              <div data-slot="card" className="bg-card te...">
                <CardHeader>
                <CardContent className="p-0 sm:p-6">
                  <div data-slot="card-content" className="p-0 sm:p-6">
                    <div className="overflow-x...">
                      <table className="w-full tex...">
                        <thead>
                        <tbody className={"[&>tr:no..."}>
                          <tr className="hover:bg-m...">
                            <td className="py-2 sm:py...">
                              <div className="flex flex-...">
                                <span>
                                <span>
                                <span className="text-[10px] text-muted-foreground sm:hidden truncate">
+                                 4/19/2026
-                                 19/04/2026
                            ...
                          ...
    ...

    at throwOnHydrationMismatch (http://localhost:3000/_next/static/chunks/c5971_next_dist_compiled_react-dom_d67f170d._.js:3342:56)
    at prepareToHydrateHostInstance (http://localhost:3000/_next/static/chunks/c5971_next_dist_compiled_react-dom_d67f170d._.js:3396:23)
    at completeWork (http://localhost:3000/_next/static/chunks/c5971_next_dist_compiled_react-dom_d67f170d._.js:6928:60)
    at runWithFiberInDEV (http://localhost:3000/_next/static/chunks/c5971_next_dist_compiled_react-dom_d67f170d._.js:959:74)
    at completeUnitOfWork (http://localhost:3000/_next/static/chunks/c5971_next_dist_compiled_react-dom_d67f170d._.js:9621:23)
    at performUnitOfWork (http://localhost:3000/_next/static/chunks/c5971_next_dist_compiled_react-dom_d67f170d._.js:9558:28)
    at workLoopConcurrentByScheduler (http://localhost:3000/_next/static/chunks/c5971_next_dist_compiled_react-dom_d67f170d._.js:9552:58)
    at renderRootConcurrent (http://localhost:3000/_next/static/chunks/c5971_next_dist_compiled_react-dom_d67f170d._.js:9535:71)
    at performWorkOnRoot (http://localhost:3000/_next/static/chunks/c5971_next_dist_compiled_react-dom_d67f170d._.js:9062:150)
    at performWorkOnRootViaSchedulerTask (http://localhost:3000/_next/static/chunks/c5971_next_dist_compiled_react-dom_d67f170d._.js:10224:9)
    at MessagePort.performWorkUntilDeadline (http://localhost:3000/_next/static/chunks/c5971_next_dist_compiled_9b65e844._.js:2647:64)
[  205898ms] [LOG] [Fast Refresh] rebuilding @ http://localhost:3000/_next/static/chunks/c5971_next_dist_450a28fb._.js:2287
[  206688ms] [LOG] [Fast Refresh] done in 891ms @ http://localhost:3000/_next/static/chunks/c5971_next_dist_450a28fb._.js:2287
[  430912ms] [LOG] [Fast Refresh] rebuilding @ http://localhost:3000/_next/static/chunks/c5971_next_dist_450a28fb._.js:2287
[  431200ms] [LOG] [Fast Refresh] done in 394ms @ http://localhost:3000/_next/static/chunks/c5971_next_dist_450a28fb._.js:2287
[  572626ms] [LOG] [Fast Refresh] rebuilding @ http://localhost:3000/_next/static/chunks/c5971_next_dist_450a28fb._.js:2287
[  574233ms] [LOG] [Fast Refresh] done in 1471ms @ http://localhost:3000/_next/static/chunks/c5971_next_dist_450a28fb._.js:2287
[  574339ms] [LOG] [Fast Refresh] rebuilding @ http://localhost:3000/_next/static/chunks/c5971_next_dist_450a28fb._.js:2287
[  575391ms] [LOG] [Fast Refresh] done in 1158ms @ http://localhost:3000/_next/static/chunks/c5971_next_dist_450a28fb._.js:2287
[  575605ms] [LOG] [Fast Refresh] rebuilding @ http://localhost:3000/_next/static/chunks/c5971_next_dist_450a28fb._.js:2287
[  576360ms] [LOG] [Fast Refresh] done in 872ms @ http://localhost:3000/_next/static/chunks/c5971_next_dist_450a28fb._.js:2287
[  589439ms] [LOG] [Fast Refresh] rebuilding @ http://localhost:3000/_next/static/chunks/c5971_next_dist_450a28fb._.js:2287
[  590687ms] [LOG] [Fast Refresh] done in 307ms @ http://localhost:3000/_next/static/chunks/c5971_next_dist_450a28fb._.js:2287
[  622765ms] [LOG] [Fast Refresh] rebuilding @ http://localhost:3000/_next/static/chunks/c5971_next_dist_450a28fb._.js:2287
[  623021ms] [LOG] [Fast Refresh] done in 363ms @ http://localhost:3000/_next/static/chunks/c5971_next_dist_450a28fb._.js:2287
[  762301ms] [LOG] [Fast Refresh] rebuilding @ http://localhost:3000/_next/static/chunks/c5971_next_dist_450a28fb._.js:2287
[  764750ms] [LOG] [Fast Refresh] done in 2552ms @ http://localhost:3000/_next/static/chunks/c5971_next_dist_450a28fb._.js:2287
[  765112ms] [LOG] [Fast Refresh] rebuilding @ http://localhost:3000/_next/static/chunks/c5971_next_dist_450a28fb._.js:2287
[  765320ms] [LOG] [Fast Refresh] done in 315ms @ http://localhost:3000/_next/static/chunks/c5971_next_dist_450a28fb._.js:2287
[  765481ms] [LOG] [Fast Refresh] rebuilding @ http://localhost:3000/_next/static/chunks/c5971_next_dist_450a28fb._.js:2287
[  765871ms] [LOG] [Fast Refresh] done in 491ms @ http://localhost:3000/_next/static/chunks/c5971_next_dist_450a28fb._.js:2287
[  766011ms] [LOG] [Fast Refresh] rebuilding @ http://localhost:3000/_next/static/chunks/c5971_next_dist_450a28fb._.js:2287
[  766332ms] [LOG] [Fast Refresh] done in 426ms @ http://localhost:3000/_next/static/chunks/c5971_next_dist_450a28fb._.js:2287
[  766468ms] [LOG] [Fast Refresh] rebuilding @ http://localhost:3000/_next/static/chunks/c5971_next_dist_450a28fb._.js:2287
[  766856ms] [LOG] [Fast Refresh] done in 489ms @ http://localhost:3000/_next/static/chunks/c5971_next_dist_450a28fb._.js:2287
[  767249ms] [LOG] [Fast Refresh] rebuilding @ http://localhost:3000/_next/static/chunks/c5971_next_dist_450a28fb._.js:2287
[  767832ms] [LOG] [Fast Refresh] done in 683ms @ http://localhost:3000/_next/static/chunks/c5971_next_dist_450a28fb._.js:2287
[  768042ms] [LOG] [Fast Refresh] rebuilding @ http://localhost:3000/_next/static/chunks/c5971_next_dist_450a28fb._.js:2287
[  768403ms] [LOG] [Fast Refresh] done in 464ms @ http://localhost:3000/_next/static/chunks/c5971_next_dist_450a28fb._.js:2287
[  768510ms] [LOG] [Fast Refresh] rebuilding @ http://localhost:3000/_next/static/chunks/c5971_next_dist_450a28fb._.js:2287
[  769188ms] [LOG] [Fast Refresh] done in 782ms @ http://localhost:3000/_next/static/chunks/c5971_next_dist_450a28fb._.js:2287
[  769348ms] [LOG] [Fast Refresh] rebuilding @ http://localhost:3000/_next/static/chunks/c5971_next_dist_450a28fb._.js:2287
[  769584ms] [LOG] [Fast Refresh] done in 338ms @ http://localhost:3000/_next/static/chunks/c5971_next_dist_450a28fb._.js:2287
[  769741ms] [LOG] [Fast Refresh] rebuilding @ http://localhost:3000/_next/static/chunks/c5971_next_dist_450a28fb._.js:2287
[  770390ms] [LOG] [Fast Refresh] done in 754ms @ http://localhost:3000/_next/static/chunks/c5971_next_dist_450a28fb._.js:2287
[  770541ms] [LOG] [Fast Refresh] rebuilding @ http://localhost:3000/_next/static/chunks/c5971_next_dist_450a28fb._.js:2287
[  770703ms] [LOG] [Fast Refresh] done in 271ms @ http://localhost:3000/_next/static/chunks/c5971_next_dist_450a28fb._.js:2287
[  773570ms] [LOG] [Fast Refresh] rebuilding @ http://localhost:3000/_next/static/chunks/c5971_next_dist_450a28fb._.js:2287
[  773983ms] [LOG] [Fast Refresh] done in 485ms @ http://localhost:3000/_next/static/chunks/c5971_next_dist_450a28fb._.js:2287
[  780805ms] [LOG] [Fast Refresh] rebuilding @ http://localhost:3000/_next/static/chunks/c5971_next_dist_450a28fb._.js:2287
[  782422ms] [LOG] [Fast Refresh] done in 1699ms @ http://localhost:3000/_next/static/chunks/c5971_next_dist_450a28fb._.js:2287
[  782529ms] [LOG] [Fast Refresh] rebuilding @ http://localhost:3000/_next/static/chunks/c5971_next_dist_450a28fb._.js:2287
[  782723ms] [LOG] [Fast Refresh] done in 295ms @ http://localhost:3000/_next/static/chunks/c5971_next_dist_450a28fb._.js:2287
[  782867ms] [LOG] [Fast Refresh] rebuilding @ http://localhost:3000/_next/static/chunks/c5971_next_dist_450a28fb._.js:2287
[  783299ms] [LOG] [Fast Refresh] done in 538ms @ http://localhost:3000/_next/static/chunks/c5971_next_dist_450a28fb._.js:2287
[  783448ms] [LOG] [Fast Refresh] rebuilding @ http://localhost:3000/_next/static/chunks/c5971_next_dist_450a28fb._.js:2287
[  783757ms] [LOG] [Fast Refresh] done in 410ms @ http://localhost:3000/_next/static/chunks/c5971_next_dist_450a28fb._.js:2287
[  783878ms] [LOG] [Fast Refresh] rebuilding @ http://localhost:3000/_next/static/chunks/c5971_next_dist_450a28fb._.js:2287
[  784270ms] [LOG] [Fast Refresh] done in 509ms @ http://localhost:3000/_next/static/chunks/c5971_next_dist_450a28fb._.js:2287
[  785660ms] [INFO] %cDownload the React DevTools for a better development experience: https://react.dev/link/react-devtools font-weight:bold @ http://localhost:3000/_next/static/chunks/c5971_next_dist_450a28fb._.js:2287
[  785834ms] [LOG] [HMR] connected @ http://localhost:3000/_next/static/chunks/c5971_next_dist_450a28fb._.js:2287
[  787771ms] Error: Hydration failed because the server rendered text didn't match the client. As a result this tree will be regenerated on the client. This can happen if a SSR-ed Client Component used:

- A server/client branch `if (typeof window !== 'undefined')`.
- Variable input such as `Date.now()` or `Math.random()` which changes each time it's called.
- Date formatting in a user's locale which doesn't match the server.
- External changing data without sending a snapshot of it along with the HTML.
- Invalid HTML tag nesting.

It can also happen if the client has a browser extension installed which messes with the HTML before React loaded.

https://react.dev/link/hydration-mismatch

  ...
    <SegmentViewNode type="page" pagePath="/POS-Billi...">
      <SegmentTrieNode>
      <SalesReturnsPage>
        <div className="space-y-4 ...">
          <div>
          <SalesReturnsClient returns={[...]}>
            <Card>
              <div data-slot="card" className="bg-card te...">
                <CardHeader>
                <CardContent className="p-0 sm:p-6">
                  <div data-slot="card-content" className="p-0 sm:p-6">
                    <div className="overflow-x...">
                      <table className="w-full tex...">
                        <thead>
                        <tbody className={"[&>tr:no..."}>
                          <tr className="hover:bg-m...">
                            <td className="py-2 sm:py...">
                              <div className="flex flex-...">
                                <span>
                                <span>
                                <span className="text-[10px] text-muted-foreground sm:hidden truncate">
+                                 4/19/2026
-                                 19/04/2026
                            ...
                          ...
    ...

    at throwOnHydrationMismatch (http://localhost:3000/_next/static/chunks/c5971_next_dist_compiled_react-dom_d67f170d._.js:3342:56)
    at prepareToHydrateHostInstance (http://localhost:3000/_next/static/chunks/c5971_next_dist_compiled_react-dom_d67f170d._.js:3396:23)
    at completeWork (http://localhost:3000/_next/static/chunks/c5971_next_dist_compiled_react-dom_d67f170d._.js:6928:60)
    at runWithFiberInDEV (http://localhost:3000/_next/static/chunks/c5971_next_dist_compiled_react-dom_d67f170d._.js:959:74)
    at completeUnitOfWork (http://localhost:3000/_next/static/chunks/c5971_next_dist_compiled_react-dom_d67f170d._.js:9621:23)
    at performUnitOfWork (http://localhost:3000/_next/static/chunks/c5971_next_dist_compiled_react-dom_d67f170d._.js:9558:28)
    at workLoopConcurrentByScheduler (http://localhost:3000/_next/static/chunks/c5971_next_dist_compiled_react-dom_d67f170d._.js:9552:58)
    at renderRootConcurrent (http://localhost:3000/_next/static/chunks/c5971_next_dist_compiled_react-dom_d67f170d._.js:9535:71)
    at performWorkOnRoot (http://localhost:3000/_next/static/chunks/c5971_next_dist_compiled_react-dom_d67f170d._.js:9062:150)
    at performWorkOnRootViaSchedulerTask (http://localhost:3000/_next/static/chunks/c5971_next_dist_compiled_react-dom_d67f170d._.js:10224:9)
    at MessagePort.performWorkUntilDeadline (http://localhost:3000/_next/static/chunks/c5971_next_dist_compiled_9b65e844._.js:2647:64)
[  788368ms] [LOG] [Fast Refresh] rebuilding @ http://localhost:3000/_next/static/chunks/c5971_next_dist_450a28fb._.js:2287
[  790139ms] [LOG] [Fast Refresh] done in 900ms @ http://localhost:3000/_next/static/chunks/c5971_next_dist_450a28fb._.js:2287
[  790263ms] [LOG] [Fast Refresh] rebuilding @ http://localhost:3000/_next/static/chunks/c5971_next_dist_450a28fb._.js:2287
[  790410ms] [LOG] [Fast Refresh] done in 256ms @ http://localhost:3000/_next/static/chunks/c5971_next_dist_450a28fb._.js:2287
[  790631ms] [LOG] [Fast Refresh] rebuilding @ http://localhost:3000/_next/static/chunks/c5971_next_dist_450a28fb._.js:2287
[  790875ms] [LOG] [Fast Refresh] done in 349ms @ http://localhost:3000/_next/static/chunks/c5971_next_dist_450a28fb._.js:2287
[  792124ms] [INFO] %cDownload the React DevTools for a better development experience: https://react.dev/link/react-devtools font-weight:bold @ http://localhost:3000/_next/static/chunks/c5971_next_dist_450a28fb._.js:2287
[  792210ms] [LOG] [HMR] connected @ http://localhost:3000/_next/static/chunks/c5971_next_dist_450a28fb._.js:2287
[  793748ms] Error: Hydration failed because the server rendered text didn't match the client. As a result this tree will be regenerated on the client. This can happen if a SSR-ed Client Component used:

- A server/client branch `if (typeof window !== 'undefined')`.
- Variable input such as `Date.now()` or `Math.random()` which changes each time it's called.
- Date formatting in a user's locale which doesn't match the server.
- External changing data without sending a snapshot of it along with the HTML.
- Invalid HTML tag nesting.

It can also happen if the client has a browser extension installed which messes with the HTML before React loaded.

https://react.dev/link/hydration-mismatch

  ...
    <SegmentViewNode type="page" pagePath="/POS-Billi...">
      <SegmentTrieNode>
      <SalesReturnsPage>
        <div className="space-y-4 ...">
          <div>
          <SalesReturnsClient returns={[...]}>
            <Card>
              <div data-slot="card" className="bg-card te...">
                <CardHeader>
                <CardContent className="p-0 sm:p-6">
                  <div data-slot="card-content" className="p-0 sm:p-6">
                    <div className="overflow-x...">
                      <table className="w-full tex...">
                        <thead>
                        <tbody className={"[&>tr:no..."}>
                          <tr className="hover:bg-m...">
                            <td className="py-2 sm:py...">
                              <div className="flex flex-...">
                                <span>
                                <span>
                                <span className="text-[10px] text-muted-foreground sm:hidden truncate">
+                                 4/19/2026
-                                 19/04/2026
                            ...
                          ...
    ...

    at throwOnHydrationMismatch (http://localhost:3000/_next/static/chunks/c5971_next_dist_compiled_react-dom_d67f170d._.js:3342:56)
    at prepareToHydrateHostInstance (http://localhost:3000/_next/static/chunks/c5971_next_dist_compiled_react-dom_d67f170d._.js:3396:23)
    at completeWork (http://localhost:3000/_next/static/chunks/c5971_next_dist_compiled_react-dom_d67f170d._.js:6928:60)
    at runWithFiberInDEV (http://localhost:3000/_next/static/chunks/c5971_next_dist_compiled_react-dom_d67f170d._.js:959:74)
    at completeUnitOfWork (http://localhost:3000/_next/static/chunks/c5971_next_dist_compiled_react-dom_d67f170d._.js:9621:23)
    at performUnitOfWork (http://localhost:3000/_next/static/chunks/c5971_next_dist_compiled_react-dom_d67f170d._.js:9558:28)
    at workLoopConcurrentByScheduler (http://localhost:3000/_next/static/chunks/c5971_next_dist_compiled_react-dom_d67f170d._.js:9552:58)
    at renderRootConcurrent (http://localhost:3000/_next/static/chunks/c5971_next_dist_compiled_react-dom_d67f170d._.js:9535:71)
    at performWorkOnRoot (http://localhost:3000/_next/static/chunks/c5971_next_dist_compiled_react-dom_d67f170d._.js:9062:150)
    at performWorkOnRootViaSchedulerTask (http://localhost:3000/_next/static/chunks/c5971_next_dist_compiled_react-dom_d67f170d._.js:10224:9)
    at MessagePort.performWorkUntilDeadline (http://localhost:3000/_next/static/chunks/c5971_next_dist_compiled_9b65e844._.js:2647:64)
[  836266ms] [LOG] [Fast Refresh] rebuilding @ http://localhost:3000/_next/static/chunks/c5971_next_dist_450a28fb._.js:2287
[  837594ms] [LOG] [Fast Refresh] done in 1445ms @ http://localhost:3000/_next/static/chunks/c5971_next_dist_450a28fb._.js:2287
[  837716ms] [LOG] [Fast Refresh] rebuilding @ http://localhost:3000/_next/static/chunks/c5971_next_dist_450a28fb._.js:2287
[  837915ms] [LOG] [Fast Refresh] done in 301ms @ http://localhost:3000/_next/static/chunks/c5971_next_dist_450a28fb._.js:2287
[  838662ms] [LOG] [Fast Refresh] rebuilding @ http://localhost:3000/_next/static/chunks/c5971_next_dist_450a28fb._.js:2287
[  838874ms] [LOG] [Fast Refresh] done in 313ms @ http://localhost:3000/_next/static/chunks/c5971_next_dist_450a28fb._.js:2287
[  838988ms] [LOG] [Fast Refresh] rebuilding @ http://localhost:3000/_next/static/chunks/c5971_next_dist_450a28fb._.js:2287
[  839767ms] [LOG] [Fast Refresh] done in 892ms @ http://localhost:3000/_next/static/chunks/c5971_next_dist_450a28fb._.js:2287
[  839870ms] [LOG] [Fast Refresh] rebuilding @ http://localhost:3000/_next/static/chunks/c5971_next_dist_450a28fb._.js:2287
[  840127ms] [LOG] [Fast Refresh] done in 359ms @ http://localhost:3000/_next/static/chunks/c5971_next_dist_450a28fb._.js:2287
[  840363ms] [LOG] [Fast Refresh] rebuilding @ http://localhost:3000/_next/static/chunks/c5971_next_dist_450a28fb._.js:2287
[  840629ms] [LOG] [Fast Refresh] done in 378ms @ http://localhost:3000/_next/static/chunks/c5971_next_dist_450a28fb._.js:2287
[  859131ms] [LOG] [Fast Refresh] rebuilding @ http://localhost:3000/_next/static/chunks/c5971_next_dist_450a28fb._.js:2287
[  860388ms] [LOG] [Fast Refresh] done in 1357ms @ http://localhost:3000/_next/static/chunks/c5971_next_dist_450a28fb._.js:2287
[  865582ms] [LOG] [Fast Refresh] rebuilding @ http://localhost:3000/_next/static/chunks/c5971_next_dist_450a28fb._.js:2287
[  865583ms] [LOG] [Fast Refresh] done in 111ms @ http://localhost:3000/_next/static/chunks/c5971_next_dist_450a28fb._.js:2287
[  879055ms] [LOG] [Fast Refresh] rebuilding @ http://localhost:3000/_next/static/chunks/c5971_next_dist_450a28fb._.js:2287
[  879177ms] [LOG] [Fast Refresh] done in 223ms @ http://localhost:3000/_next/static/chunks/c5971_next_dist_450a28fb._.js:2287
[  895687ms] [LOG] [Fast Refresh] rebuilding @ http://localhost:3000/_next/static/chunks/c5971_next_dist_450a28fb._.js:2287
[  895850ms] [LOG] [Fast Refresh] done in 274ms @ http://localhost:3000/_next/static/chunks/c5971_next_dist_450a28fb._.js:2287
[  906577ms] [LOG] [Fast Refresh] rebuilding @ http://localhost:3000/_next/static/chunks/c5971_next_dist_450a28fb._.js:2287
[  906721ms] [LOG] [Fast Refresh] done in 252ms @ http://localhost:3000/_next/static/chunks/c5971_next_dist_450a28fb._.js:2287
[  915042ms] [LOG] [Fast Refresh] rebuilding @ http://localhost:3000/_next/static/chunks/c5971_next_dist_450a28fb._.js:2287
[  916670ms] [LOG] [Fast Refresh] done in 1737ms @ http://localhost:3000/_next/static/chunks/c5971_next_dist_450a28fb._.js:2287
[  918182ms] [LOG] [Fast Refresh] rebuilding @ http://localhost:3000/_next/static/chunks/c5971_next_dist_450a28fb._.js:2287
[  918216ms] [LOG] [Fast Refresh] done in 139ms @ http://localhost:3000/_next/static/chunks/c5971_next_dist_450a28fb._.js:2287
[ 1394491ms] [LOG] [Fast Refresh] rebuilding @ http://localhost:3000/_next/static/chunks/c5971_next_dist_450a28fb._.js:2287
[ 1394916ms] [LOG] [Fast Refresh] done in 537ms @ http://localhost:3000/_next/static/chunks/c5971_next_dist_450a28fb._.js:2287
[ 1426171ms] [LOG] [Fast Refresh] rebuilding @ http://localhost:3000/_next/static/chunks/c5971_next_dist_450a28fb._.js:2287
[ 1426719ms] [LOG] [Fast Refresh] done in 656ms @ http://localhost:3000/_next/static/chunks/c5971_next_dist_450a28fb._.js:2287
[ 1649394ms] [LOG] [Fast Refresh] rebuilding @ http://localhost:3000/_next/static/chunks/c5971_next_dist_450a28fb._.js:2287
[ 1649790ms] [LOG] [Fast Refresh] done in 504ms @ http://localhost:3000/_next/static/chunks/c5971_next_dist_450a28fb._.js:2287
[ 1654540ms] [LOG] [Fast Refresh] rebuilding @ http://localhost:3000/_next/static/chunks/c5971_next_dist_450a28fb._.js:2287
[ 1654791ms] [LOG] [Fast Refresh] done in 360ms @ http://localhost:3000/_next/static/chunks/c5971_next_dist_450a28fb._.js:2287
[ 1688554ms] [LOG] [Fast Refresh] rebuilding @ http://localhost:3000/_next/static/chunks/c5971_next_dist_450a28fb._.js:2287
[ 1700332ms] [LOG] [Fast Refresh] done in 11887ms @ http://localhost:3000/_next/static/chunks/c5971_next_dist_450a28fb._.js:2287
[ 1704823ms] [LOG] [Fast Refresh] rebuilding @ http://localhost:3000/_next/static/chunks/c5971_next_dist_450a28fb._.js:2287
[ 1705343ms] [LOG] [Fast Refresh] done in 621ms @ http://localhost:3000/_next/static/chunks/c5971_next_dist_450a28fb._.js:2287
[ 1720792ms] [LOG] [Fast Refresh] rebuilding @ http://localhost:3000/_next/static/chunks/c5971_next_dist_450a28fb._.js:2287
[ 1720850ms] [LOG] [Fast Refresh] done in 166ms @ http://localhost:3000/_next/static/chunks/c5971_next_dist_450a28fb._.js:2287
[ 1977483ms] [LOG] [Fast Refresh] rebuilding @ http://localhost:3000/_next/static/chunks/c5971_next_dist_450a28fb._.js:2287
[ 1978120ms] [LOG] [Fast Refresh] done in 409ms @ http://localhost:3000/_next/static/chunks/c5971_next_dist_450a28fb._.js:2287
[ 1984278ms] [LOG] [Fast Refresh] rebuilding @ http://localhost:3000/_next/static/chunks/c5971_next_dist_450a28fb._.js:2287
[ 1984698ms] [LOG] [Fast Refresh] done in 397ms @ http://localhost:3000/_next/static/chunks/c5971_next_dist_450a28fb._.js:2287
[ 2003510ms] [LOG] [Fast Refresh] rebuilding @ http://localhost:3000/_next/static/chunks/c5971_next_dist_450a28fb._.js:2287
[ 2003816ms] [LOG] [Fast Refresh] done in 380ms @ http://localhost:3000/_next/static/chunks/c5971_next_dist_450a28fb._.js:2287
[ 2028051ms] [LOG] [Fast Refresh] rebuilding @ http://localhost:3000/_next/static/chunks/c5971_next_dist_450a28fb._.js:2287
[ 2028730ms] [LOG] [Fast Refresh] done in 786ms @ http://localhost:3000/_next/static/chunks/c5971_next_dist_450a28fb._.js:2287
[ 2042876ms] [LOG] [Fast Refresh] rebuilding @ http://localhost:3000/_next/static/chunks/c5971_next_dist_450a28fb._.js:2287
[ 2043174ms] [LOG] [Fast Refresh] done in 388ms @ http://localhost:3000/_next/static/chunks/c5971_next_dist_450a28fb._.js:2287
[ 2162030ms] [LOG] [Fast Refresh] rebuilding @ http://localhost:3000/_next/static/chunks/c5971_next_dist_450a28fb._.js:2287
[ 2166818ms] [LOG] [Fast Refresh] done in 4897ms @ http://localhost:3000/_next/static/chunks/c5971_next_dist_450a28fb._.js:2287
[ 2169163ms] [LOG] [Fast Refresh] rebuilding @ http://localhost:3000/_next/static/chunks/c5971_next_dist_450a28fb._.js:2287
[ 2170004ms] [LOG] [Fast Refresh] done in 954ms @ http://localhost:3000/_next/static/chunks/c5971_next_dist_450a28fb._.js:2287
[ 2173896ms] [LOG] [Fast Refresh] rebuilding @ http://localhost:3000/_next/static/chunks/c5971_next_dist_450a28fb._.js:2287
[ 2173986ms] [LOG] [Fast Refresh] done in 205ms @ http://localhost:3000/_next/static/chunks/c5971_next_dist_450a28fb._.js:2287
[ 2259410ms] [LOG] [Fast Refresh] rebuilding @ http://localhost:3000/_next/static/chunks/c5971_next_dist_450a28fb._.js:2287
[ 2261087ms] [LOG] [Fast Refresh] done in 1787ms @ http://localhost:3000/_next/static/chunks/c5971_next_dist_450a28fb._.js:2287
[ 2267919ms] [LOG] [Fast Refresh] rebuilding @ http://localhost:3000/_next/static/chunks/c5971_next_dist_450a28fb._.js:2287
[ 2268019ms] [LOG] [Fast Refresh] done in 214ms @ http://localhost:3000/_next/static/chunks/c5971_next_dist_450a28fb._.js:2287
[ 3128626ms] [LOG] [Fast Refresh] rebuilding @ http://localhost:3000/_next/static/chunks/c5971_next_dist_450a28fb._.js:2287
[ 3129388ms] [LOG] [Fast Refresh] done in 876ms @ http://localhost:3000/_next/static/chunks/c5971_next_dist_450a28fb._.js:2287
[ 3135401ms] [LOG] [Fast Refresh] rebuilding @ http://localhost:3000/_next/static/chunks/c5971_next_dist_450a28fb._.js:2287
[ 3135705ms] [LOG] [Fast Refresh] done in 405ms @ http://localhost:3000/_next/static/chunks/c5971_next_dist_450a28fb._.js:2287
[ 3154024ms] [LOG] [Fast Refresh] rebuilding @ http://localhost:3000/_next/static/chunks/c5971_next_dist_450a28fb._.js:2287
[ 3155822ms] [LOG] [Fast Refresh] done in 1903ms @ http://localhost:3000/_next/static/chunks/c5971_next_dist_450a28fb._.js:2287
[ 3158874ms] [LOG] [Fast Refresh] rebuilding @ http://localhost:3000/_next/static/chunks/c5971_next_dist_450a28fb._.js:2287
[ 3159092ms] [LOG] [Fast Refresh] done in 332ms @ http://localhost:3000/_next/static/chunks/c5971_next_dist_450a28fb._.js:2287
[ 3163237ms] [LOG] [Fast Refresh] rebuilding @ http://localhost:3000/_next/static/chunks/c5971_next_dist_450a28fb._.js:2287
[ 3165137ms] [LOG] [Fast Refresh] done in 2008ms @ http://localhost:3000/_next/static/chunks/c5971_next_dist_450a28fb._.js:2287
[ 3169290ms] [LOG] [Fast Refresh] rebuilding @ http://localhost:3000/_next/static/chunks/c5971_next_dist_450a28fb._.js:2287
[ 3169549ms] [LOG] [Fast Refresh] done in 359ms @ http://localhost:3000/_next/static/chunks/c5971_next_dist_450a28fb._.js:2287
[ 3174050ms] [LOG] [Fast Refresh] rebuilding @ http://localhost:3000/_next/static/chunks/c5971_next_dist_450a28fb._.js:2287
[ 3174235ms] [LOG] [Fast Refresh] done in 287ms @ http://localhost:3000/_next/static/chunks/c5971_next_dist_450a28fb._.js:2287
[ 3178601ms] [LOG] [Fast Refresh] rebuilding @ http://localhost:3000/_next/static/chunks/c5971_next_dist_450a28fb._.js:2287
[ 3179732ms] [LOG] [Fast Refresh] done in 751ms @ http://localhost:3000/_next/static/chunks/c5971_next_dist_450a28fb._.js:2287
[ 3335166ms] [LOG] [Fast Refresh] rebuilding @ http://localhost:3000/_next/static/chunks/c5971_next_dist_450a28fb._.js:2287
[ 3335484ms] [LOG] [Fast Refresh] done in 422ms @ http://localhost:3000/_next/static/chunks/c5971_next_dist_450a28fb._.js:2287
[ 3336507ms] [LOG] [Fast Refresh] rebuilding @ http://localhost:3000/_next/static/chunks/c5971_next_dist_450a28fb._.js:2287
[ 3337570ms] [LOG] [Fast Refresh] done in 1171ms @ http://localhost:3000/_next/static/chunks/c5971_next_dist_450a28fb._.js:2287
