[     166ms] [LOG] [Fast Refresh] rebuilding @ http://localhost:3000/_next/static/chunks/c5971_next_dist_450a28fb._.js:2287
[    2271ms] [LOG] [Fast Refresh] done in 2207ms @ http://localhost:3000/_next/static/chunks/c5971_next_dist_450a28fb._.js:2287
[    4415ms] [INFO] %cDownload the React DevTools for a better development experience: https://react.dev/link/react-devtools font-weight:bold @ http://localhost:3000/_next/static/chunks/c5971_next_dist_450a28fb._.js:2287
[    4537ms] [LOG] [HMR] connected @ http://localhost:3000/_next/static/chunks/c5971_next_dist_450a28fb._.js:2287
[    4718ms] [LOG] [Fast Refresh] rebuilding @ http://localhost:3000/_next/static/chunks/c5971_next_dist_450a28fb._.js:2287
[    4746ms] [LOG] [Fast Refresh] done in 138ms @ http://localhost:3000/_next/static/chunks/c5971_next_dist_450a28fb._.js:2287
[  770130ms] [LOG] [Fast Refresh] rebuilding @ http://localhost:3000/_next/static/chunks/c5971_next_dist_450a28fb._.js:2287
[  770854ms] [LOG] [Fast Refresh] done in 826ms @ http://localhost:3000/_next/static/chunks/c5971_next_dist_450a28fb._.js:2287
[  789325ms] [LOG] [Fast Refresh] rebuilding @ http://localhost:3000/_next/static/chunks/c5971_next_dist_450a28fb._.js:2287
[  789698ms] [LOG] [Fast Refresh] done in 475ms @ http://localhost:3000/_next/static/chunks/c5971_next_dist_450a28fb._.js:2287
[  807587ms] [LOG] [Fast Refresh] rebuilding @ http://localhost:3000/_next/static/chunks/c5971_next_dist_450a28fb._.js:2287
[  807937ms] [LOG] [Fast Refresh] done in 459ms @ http://localhost:3000/_next/static/chunks/c5971_next_dist_450a28fb._.js:2287
[  815898ms] [LOG] [Fast Refresh] rebuilding @ http://localhost:3000/_next/static/chunks/c5971_next_dist_450a28fb._.js:2287
[  816056ms] [LOG] [Fast Refresh] done in 265ms @ http://localhost:3000/_next/static/chunks/c5971_next_dist_450a28fb._.js:2287
[  831368ms] [LOG] [Fast Refresh] rebuilding @ http://localhost:3000/_next/static/chunks/c5971_next_dist_450a28fb._.js:2287
[  831727ms] [LOG] [Fast Refresh] done in 473ms @ http://localhost:3000/_next/static/chunks/c5971_next_dist_450a28fb._.js:2287
[  838259ms] [LOG] [Fast Refresh] rebuilding @ http://localhost:3000/_next/static/chunks/c5971_next_dist_450a28fb._.js:2287
[  838447ms] [LOG] [Fast Refresh] done in 292ms @ http://localhost:3000/_next/static/chunks/c5971_next_dist_450a28fb._.js:2287
[  852081ms] [LOG] [Fast Refresh] rebuilding @ http://localhost:3000/_next/static/chunks/c5971_next_dist_450a28fb._.js:2287
[  852352ms] [LOG] [Fast Refresh] done in 377ms @ http://localhost:3000/_next/static/chunks/c5971_next_dist_450a28fb._.js:2287
[  858772ms] [LOG] [Fast Refresh] rebuilding @ http://localhost:3000/_next/static/chunks/c5971_next_dist_450a28fb._.js:2287
[  859067ms] [LOG] [Fast Refresh] done in 396ms @ http://localhost:3000/_next/static/chunks/c5971_next_dist_450a28fb._.js:2287
[  873530ms] [LOG] [Fast Refresh] rebuilding @ http://localhost:3000/_next/static/chunks/c5971_next_dist_450a28fb._.js:2287
[  873738ms] [LOG] [Fast Refresh] done in 318ms @ http://localhost:3000/_next/static/chunks/c5971_next_dist_450a28fb._.js:2287
[  897294ms] [LOG] [Fast Refresh] rebuilding @ http://localhost:3000/_next/static/chunks/c5971_next_dist_450a28fb._.js:2287
[  897622ms] [LOG] [Fast Refresh] done in 432ms @ http://localhost:3000/_next/static/chunks/c5971_next_dist_450a28fb._.js:2287
[  904801ms] [LOG] [Fast Refresh] rebuilding @ http://localhost:3000/_next/static/chunks/c5971_next_dist_450a28fb._.js:2287
[  905113ms] [LOG] [Fast Refresh] done in 424ms @ http://localhost:3000/_next/static/chunks/c5971_next_dist_450a28fb._.js:2287
[  918190ms] [LOG] [Fast Refresh] rebuilding @ http://localhost:3000/_next/static/chunks/c5971_next_dist_450a28fb._.js:2287
[  918415ms] [LOG] [Fast Refresh] done in 340ms @ http://localhost:3000/_next/static/chunks/c5971_next_dist_450a28fb._.js:2287
[  930021ms] [LOG] [Fast Refresh] rebuilding @ http://localhost:3000/_next/static/chunks/c5971_next_dist_450a28fb._.js:2287
[  930422ms] [LOG] [Fast Refresh] done in 516ms @ http://localhost:3000/_next/static/chunks/c5971_next_dist_450a28fb._.js:2287
[  941225ms] [LOG] [Fast Refresh] rebuilding @ http://localhost:3000/_next/static/chunks/c5971_next_dist_450a28fb._.js:2287
[  941443ms] [LOG] [Fast Refresh] done in 325ms @ http://localhost:3000/_next/static/chunks/c5971_next_dist_450a28fb._.js:2287
[  951269ms] [LOG] [Fast Refresh] rebuilding @ http://localhost:3000/_next/static/chunks/c5971_next_dist_450a28fb._.js:2287
[  951563ms] [LOG] [Fast Refresh] done in 397ms @ http://localhost:3000/_next/static/chunks/c5971_next_dist_450a28fb._.js:2287
[  958158ms] [LOG] [Fast Refresh] rebuilding @ http://localhost:3000/_next/static/chunks/c5971_next_dist_450a28fb._.js:2287
[  958547ms] [LOG] [Fast Refresh] done in 490ms @ http://localhost:3000/_next/static/chunks/c5971_next_dist_450a28fb._.js:2287
[  991946ms] [LOG] [Fast Refresh] rebuilding @ http://localhost:3000/_next/static/chunks/c5971_next_dist_450a28fb._.js:2287
[  992206ms] [LOG] [Fast Refresh] done in 363ms @ http://localhost:3000/_next/static/chunks/c5971_next_dist_450a28fb._.js:2287
[  999797ms] [LOG] [Fast Refresh] rebuilding @ http://localhost:3000/_next/static/chunks/c5971_next_dist_450a28fb._.js:2287
[ 1000032ms] [LOG] [Fast Refresh] done in 345ms @ http://localhost:3000/_next/static/chunks/c5971_next_dist_450a28fb._.js:2287
[ 1023027ms] [LOG] [Fast Refresh] rebuilding @ http://localhost:3000/_next/static/chunks/c5971_next_dist_450a28fb._.js:2287
[ 1023440ms] [LOG] [Fast Refresh] done in 521ms @ http://localhost:3000/_next/static/chunks/c5971_next_dist_450a28fb._.js:2287
