[     140ms] [LOG] [Fast Refresh] rebuilding @ http://localhost:3000/_next/static/chunks/c5971_next_dist_450a28fb._.js:2287
[     278ms] [LOG] [Fast Refresh] done in 244ms @ http://localhost:3000/_next/static/chunks/c5971_next_dist_450a28fb._.js:2287
[     389ms] [LOG] [Fast Refresh] rebuilding @ http://localhost:3000/_next/static/chunks/c5971_next_dist_450a28fb._.js:2287
[     407ms] [LOG] [Fast Refresh] done in 129ms @ http://localhost:3000/_next/static/chunks/c5971_next_dist_450a28fb._.js:2287
[    1039ms] [INFO] %cDownload the React DevTools for a better development experience: https://react.dev/link/react-devtools font-weight:bold @ http://localhost:3000/_next/static/chunks/c5971_next_dist_450a28fb._.js:2287
[    1212ms] [LOG] [HMR] connected @ http://localhost:3000/_next/static/chunks/c5971_next_dist_450a28fb._.js:2287
[    2028ms] Error: Hydration failed because the server rendered text didn't match the client. As a result this tree will be regenerated on the client. This can happen if a SSR-ed Client Component used:

- A server/client branch `if (typeof window !== 'undefined')`.
- Variable input such as `Date.now()` or `Math.random()` which changes each time it's called.
- Date formatting in a user's locale which doesn't match the server.
- External changing data without sending a snapshot of it along with the HTML.
- Invalid HTML tag nesting.

It can also happen if the client has a browser extension installed which messes with the HTML before React loaded.

https://react.dev/link/hydration-mismatch

  ...
    <SegmentViewNode type="page" pagePath="/POS-Billi...">
      <SegmentTrieNode>
      <SalesReturnsPage>
        <div className="space-y-4 ...">
          <div>
          <SalesReturnsClient returns={[...]}>
            <Card>
              <div data-slot="card" className="bg-card te...">
                <CardHeader>
                <CardContent className="p-0 sm:p-6">
                  <div data-slot="card-content" className="p-0 sm:p-6">
                    <div className="overflow-x...">
                      <table className="w-full tex...">
                        <thead>
                        <tbody className={"[&>tr:no..."}>
                          <tr className="hover:bg-m...">
                            <td className="py-2 sm:py...">
                              <div className="flex flex-...">
                                <span>
                                <span>
                                <span className="text-[10px] text-muted-foreground sm:hidden truncate">
+                                 4/20/2026
-                                 20/04/2026
                            ...
                          ...
    ...

    at throwOnHydrationMismatch (http://localhost:3000/_next/static/chunks/c5971_next_dist_compiled_react-dom_d67f170d._.js:3342:56)
    at prepareToHydrateHostInstance (http://localhost:3000/_next/static/chunks/c5971_next_dist_compiled_react-dom_d67f170d._.js:3396:23)
    at completeWork (http://localhost:3000/_next/static/chunks/c5971_next_dist_compiled_react-dom_d67f170d._.js:6928:60)
    at runWithFiberInDEV (http://localhost:3000/_next/static/chunks/c5971_next_dist_compiled_react-dom_d67f170d._.js:959:74)
    at completeUnitOfWork (http://localhost:3000/_next/static/chunks/c5971_next_dist_compiled_react-dom_d67f170d._.js:9621:23)
    at performUnitOfWork (http://localhost:3000/_next/static/chunks/c5971_next_dist_compiled_react-dom_d67f170d._.js:9558:28)
    at workLoopConcurrentByScheduler (http://localhost:3000/_next/static/chunks/c5971_next_dist_compiled_react-dom_d67f170d._.js:9552:58)
    at renderRootConcurrent (http://localhost:3000/_next/static/chunks/c5971_next_dist_compiled_react-dom_d67f170d._.js:9535:71)
    at performWorkOnRoot (http://localhost:3000/_next/static/chunks/c5971_next_dist_compiled_react-dom_d67f170d._.js:9062:150)
    at performWorkOnRootViaSchedulerTask (http://localhost:3000/_next/static/chunks/c5971_next_dist_compiled_react-dom_d67f170d._.js:10224:9)
    at MessagePort.performWorkUntilDeadline (http://localhost:3000/_next/static/chunks/c5971_next_dist_compiled_9b65e844._.js:2647:64)
[    2096ms] [LOG] [Fast Refresh] rebuilding @ http://localhost:3000/_next/static/chunks/c5971_next_dist_450a28fb._.js:2287
[    2232ms] [LOG] [Fast Refresh] done in 242ms @ http://localhost:3000/_next/static/chunks/c5971_next_dist_450a28fb._.js:2287
[   10406ms] [LOG] [Fast Refresh] rebuilding @ http://localhost:3000/_next/static/chunks/c5971_next_dist_450a28fb._.js:2287
[   10526ms] [LOG] [Fast Refresh] done in 235ms @ http://localhost:3000/_next/static/chunks/c5971_next_dist_450a28fb._.js:2287
